May-11 23:33:01.644 [main] DEBUG nextflow.cli.Launcher - $> nextflow run main.nf -profile standard,apptainer -resume
May-11 23:33:01.733 [main] DEBUG nextflow.cli.CmdRun - N E X T F L O W  ~  version 24.04.2
May-11 23:33:01.758 [main] DEBUG nextflow.plugin.PluginsFacade - Setting up plugin manager > mode=prod; embedded=false; plugins-dir=/user/gent/490/vsc49038/.nextflow/plugins; core-plugins: nf-amazon@2.5.2,nf-azure@1.6.0,nf-cloudcache@0.4.1,nf-codecommit@0.2.0,nf-console@1.1.3,nf-ga4gh@1.3.0,nf-google@1.13.2,nf-tower@1.9.1,nf-wave@1.4.2
May-11 23:33:01.771 [main] INFO  o.pf4j.DefaultPluginStatusProvider - Enabled plugins: []
May-11 23:33:01.773 [main] INFO  o.pf4j.DefaultPluginStatusProvider - Disabled plugins: []
May-11 23:33:01.777 [main] INFO  org.pf4j.DefaultPluginManager - PF4J version 3.10.0 in 'deployment' mode
May-11 23:33:01.790 [main] INFO  org.pf4j.AbstractPluginManager - No plugins
May-11 23:33:01.813 [main] DEBUG nextflow.config.ConfigBuilder - Found config local: /kyukon/data/gent/490/vsc49038/nextflow-workshop-2025-04/project_NextFlow/pipeline/nextflow.config
May-11 23:33:01.816 [main] DEBUG nextflow.config.ConfigBuilder - Parsing config file: /kyukon/data/gent/490/vsc49038/nextflow-workshop-2025-04/project_NextFlow/pipeline/nextflow.config
May-11 23:33:01.854 [main] DEBUG n.secret.LocalSecretsProvider - Secrets store: /user/gent/490/vsc49038/.nextflow/secrets/store.json
May-11 23:33:01.858 [main] DEBUG nextflow.secret.SecretsLoader - Discovered secrets providers: [nextflow.secret.LocalSecretsProvider@64524dd] - activable => nextflow.secret.LocalSecretsProvider@64524dd
May-11 23:33:01.864 [main] DEBUG nextflow.config.ConfigBuilder - Applying config profile: `standard,apptainer`
May-11 23:33:02.547 [main] DEBUG nextflow.config.ConfigBuilder - Available config profiles: [standard, apptainer, docker]
May-11 23:33:02.576 [main] DEBUG nextflow.cli.CmdRun - Applied DSL=2 by global default
May-11 23:33:02.582 [main] DEBUG nextflow.cli.CmdRun - Launching `main.nf` [clever_kalam] DSL2 - revision: 5d38c8b830
May-11 23:33:02.584 [main] DEBUG nextflow.plugin.PluginsFacade - Plugins default=[]
May-11 23:33:02.584 [main] DEBUG nextflow.plugin.PluginsFacade - Plugins resolved requirement=[]
May-11 23:33:02.649 [main] DEBUG nextflow.Session - Session UUID: a1567279-00d6-4a2a-93e9-8554adfa0dab
May-11 23:33:02.650 [main] DEBUG nextflow.Session - Run name: clever_kalam
May-11 23:33:02.650 [main] DEBUG nextflow.Session - Executor pool size: 4
May-11 23:33:02.659 [main] DEBUG nextflow.file.FilePorter - File porter settings maxRetries=3; maxTransfers=50; pollTimeout=null
May-11 23:33:02.666 [main] DEBUG nextflow.util.ThreadPoolBuilder - Creating thread pool 'FileTransfer' minSize=10; maxSize=12; workQueue=LinkedBlockingQueue[10000]; allowCoreThreadTimeout=false
May-11 23:33:02.687 [main] DEBUG nextflow.cli.CmdRun - 
  Version: 24.04.2 build 5914
  Created: 29-05-2024 06:19 UTC (08:19 CEST)
  System: Linux 5.14.0-427.50.1.el9_4.x86_64
  Runtime: Groovy 4.0.21 on OpenJDK 64-Bit Server VM 11.0.20+8
  Encoding: UTF-8 (UTF-8)
  Process: 305731@node4010.donphan.os [10.141.6.139]
  CPUs: 4 - Mem: 754 GB (703.5 GB) - Swap: 20 GB (20 GB)
May-11 23:33:02.713 [main] DEBUG nextflow.Session - Work-dir: /kyukon/data/gent/490/vsc49038/nextflow-workshop-2025-04/project_NextFlow/pipeline/work [gpfs]
May-11 23:33:02.796 [main] DEBUG nextflow.executor.ExecutorFactory - Extension executors providers=[GoogleLifeSciencesExecutor, AwsBatchExecutor, GoogleBatchExecutor]
May-11 23:33:02.814 [main] DEBUG nextflow.Session - Observer factory: DefaultObserverFactory
May-11 23:33:02.818 [main] DEBUG nextflow.Session - Observer factory: WaveFactory
May-11 23:33:02.819 [main] DEBUG nextflow.Session - Observer factory: TowerFactory
May-11 23:33:02.846 [main] DEBUG nextflow.cache.CacheFactory - Using Nextflow cache factory: nextflow.cache.DefaultCacheFactory
May-11 23:33:02.859 [main] DEBUG nextflow.util.CustomThreadPool - Creating default thread pool > poolSize: 5; maxThreads: 1000
May-11 23:33:02.943 [main] DEBUG nextflow.Session - Session start
May-11 23:33:03.271 [main] DEBUG nextflow.script.ScriptRunner - > Launching execution
May-11 23:33:03.970 [main] DEBUG nextflow.script.ProcessConfig - Config settings `withLabel:low` matches labels `low` for process with name THERMORAWFILEPARSER
May-11 23:33:03.972 [main] DEBUG nextflow.script.ProcessConfig - Config settings `withName:THERMORAWFILEPARSER` matches process THERMORAWFILEPARSER
May-11 23:33:03.986 [main] DEBUG nextflow.executor.ExecutorFactory - << taskConfig executor: local
May-11 23:33:03.986 [main] DEBUG nextflow.executor.ExecutorFactory - >> processorType: 'local'
May-11 23:33:03.991 [main] DEBUG nextflow.executor.Executor - [warm up] executor > local
May-11 23:33:04.000 [main] DEBUG n.processor.LocalPollingMonitor - Creating local task monitor for executor 'local' > cpus=4; memory=754 GB; capacity=4; pollInterval=100ms; dumpInterval=5m
May-11 23:33:04.003 [main] DEBUG n.processor.TaskPollingMonitor - >>> barrier register (monitor: local)
May-11 23:33:04.072 [main] DEBUG nextflow.script.ProcessConfig - Config settings `withLabel:high` matches labels `high` for process with name DIANN_PREDICTOR
May-11 23:33:04.072 [main] DEBUG nextflow.script.ProcessConfig - Config settings `withName:DIANN_PREDICTOR` matches process DIANN_PREDICTOR
May-11 23:33:04.073 [main] DEBUG nextflow.executor.ExecutorFactory - << taskConfig executor: local
May-11 23:33:04.073 [main] DEBUG nextflow.executor.ExecutorFactory - >> processorType: 'local'
May-11 23:33:04.106 [main] DEBUG nextflow.script.ProcessConfig - Config settings `withLabel:high` matches labels `high` for process with name DIANN_SEARCH
May-11 23:33:04.107 [main] DEBUG nextflow.executor.ExecutorFactory - << taskConfig executor: local
May-11 23:33:04.107 [main] DEBUG nextflow.executor.ExecutorFactory - >> processorType: 'local'
May-11 23:33:04.122 [main] DEBUG nextflow.script.ProcessConfig - Config settings `withName:COMBINE_STATS` matches process COMBINE_STATS
May-11 23:33:04.123 [main] DEBUG nextflow.executor.ExecutorFactory - << taskConfig executor: local
May-11 23:33:04.124 [main] DEBUG nextflow.executor.ExecutorFactory - >> processorType: 'local'
May-11 23:33:04.127 [main] DEBUG nextflow.Session - Workflow process names [dsl2]: DIANN_PREDICTOR, DIANN_SEARCH, COMBINE_STATS, THERMORAWFILEPARSER
May-11 23:33:04.128 [main] DEBUG nextflow.Session - Igniting dataflow network (6)
May-11 23:33:04.135 [main] DEBUG nextflow.processor.TaskProcessor - Starting process > THERMORAWFILEPARSER
May-11 23:33:04.136 [main] DEBUG nextflow.processor.TaskProcessor - Starting process > DIANN_PREDICTOR
May-11 23:33:04.136 [main] DEBUG nextflow.processor.TaskProcessor - Starting process > DIANN_SEARCH
May-11 23:33:04.136 [main] DEBUG nextflow.processor.TaskProcessor - Starting process > COMBINE_STATS
May-11 23:33:04.137 [main] DEBUG nextflow.script.ScriptRunner - Parsed script files:
  Script_1b993b66e3dda8be: /kyukon/data/gent/490/vsc49038/nextflow-workshop-2025-04/project_NextFlow/pipeline/main.nf
  Script_cd048385367a2fa4: /kyukon/data/gent/490/vsc49038/nextflow-workshop-2025-04/project_NextFlow/pipeline/./modules/combine_stats.nf
  Script_48cb235832c41cf7: /kyukon/data/gent/490/vsc49038/nextflow-workshop-2025-04/project_NextFlow/pipeline/./modules/diann_predictor.nf
  Script_93241e8be49944c1: /kyukon/data/gent/490/vsc49038/nextflow-workshop-2025-04/project_NextFlow/pipeline/./modules/diann_search.nf
  Script_d1fc2b1bddef03b9: /kyukon/data/gent/490/vsc49038/nextflow-workshop-2025-04/project_NextFlow/pipeline/./modules/nf-core/thermorawfileparser/main.nf
May-11 23:33:04.137 [main] DEBUG nextflow.script.ScriptRunner - > Awaiting termination 
May-11 23:33:04.137 [main] DEBUG nextflow.Session - Session await
May-11 23:33:04.328 [Actor Thread 3] DEBUG i.s.wave.plugin.config.WaveConfig - Wave strategy not specified - using default: [container, dockerfile, conda, spack]
May-11 23:33:04.337 [Actor Thread 3] DEBUG io.seqera.wave.plugin.WaveClient - Wave config: WaveConfig(enabled:null, endpoint:https://wave.seqera.io, containerConfigUrl:[], tokensCacheMaxDuration:30m, condaOpts:CondaOpts(mambaImage=mambaorg/micromamba:1.5.8-lunar; basePackages=conda-forge::procps-ng, commands=null), spackOpts:SpackOpts(basePackages=null, commands=null), strategy:[container, dockerfile, conda, spack], bundleProjectResources:null, buildRepository:null, cacheRepository:null, retryOpts:RetryOpts(delay:450ms, maxDelay:1m 30s, maxAttempts:10, jitter:0.25), httpClientOpts:HttpOpts(), freezeMode:null, preserveFileTimestamp:null)
May-11 23:33:04.463 [Actor Thread 7] DEBUG nextflow.container.SingularityCache - Apptainer found local store for image=docker://biocontainers/diann:1.8.1_cv2; path=/scratch/gent/490/vsc49038/.apptainer_cache/biocontainers-diann-1.8.1_cv2.img
May-11 23:33:04.463 [Actor Thread 5] DEBUG nextflow.container.SingularityCache - Apptainer found local store for image=docker://quay.io/biocontainers/thermorawfileparser:1.4.5--h05cac1d_1; path=/scratch/gent/490/vsc49038/.apptainer_cache/quay.io-biocontainers-thermorawfileparser-1.4.5--h05cac1d_1.img
May-11 23:33:04.585 [Actor Thread 3] INFO  nextflow.processor.TaskProcessor - [33/1850e6] Cached process > DIANN_PREDICTOR (1)
May-11 23:33:04.593 [Actor Thread 6] INFO  nextflow.processor.TaskProcessor - [d7/013a83] Cached process > THERMORAWFILEPARSER (240428_1p)
May-11 23:33:04.592 [Actor Thread 1] INFO  nextflow.processor.TaskProcessor - [5c/628ebc] Cached process > THERMORAWFILEPARSER (240311_1p)
May-11 23:33:04.638 [Actor Thread 1] DEBUG nextflow.util.ThreadPoolBuilder - Creating thread pool 'PublishDir' minSize=10; maxSize=12; workQueue=LinkedBlockingQueue[10000]; allowCoreThreadTimeout=false
May-11 23:33:04.642 [Actor Thread 9] INFO  nextflow.processor.TaskProcessor - [f9/c31cc0] Cached process > DIANN_SEARCH (1)
May-11 23:33:04.653 [Actor Thread 10] INFO  nextflow.processor.TaskProcessor - [08/3cb8b4] Cached process > DIANN_SEARCH (2)
May-11 23:33:04.665 [Actor Thread 10] DEBUG nextflow.container.SingularityCache - Apptainer found local store for image=docker://docker.io/rocker/tidyverse; path=/scratch/gent/490/vsc49038/.apptainer_cache/docker.io-rocker-tidyverse.img
May-11 23:33:04.671 [Actor Thread 2] INFO  nextflow.processor.TaskProcessor - [4f/2a595a] Cached process > COMBINE_STATS
May-11 23:33:04.675 [main] DEBUG nextflow.Session - Session await > all processes finished
May-11 23:33:04.713 [Task monitor] DEBUG n.processor.TaskPollingMonitor - <<< barrier arrives (monitor: local) - terminating tasks monitor poll loop
May-11 23:33:04.713 [main] DEBUG nextflow.Session - Session await > all barriers passed
May-11 23:33:04.716 [main] DEBUG nextflow.util.ThreadPoolManager - Thread pool 'PublishDir' shutdown completed (hard=false)
May-11 23:33:04.722 [main] DEBUG n.trace.WorkflowStatsObserver - Workflow completed > WorkflowStats[succeededCount=0; failedCount=0; ignoredCount=0; cachedCount=6; pendingCount=0; submittedCount=0; runningCount=0; retriesCount=0; abortedCount=0; succeedDuration=0ms; failedDuration=0ms; cachedDuration=4h 48m 3s;loadCpus=0; loadMemory=0; peakRunning=0; peakCpus=0; peakMemory=0; ]
May-11 23:33:04.834 [main] DEBUG nextflow.cache.CacheDB - Closing CacheDB done
May-11 23:33:04.844 [main] DEBUG nextflow.util.ThreadPoolManager - Thread pool 'FileTransfer' shutdown completed (hard=false)
May-11 23:33:04.845 [main] DEBUG nextflow.script.ScriptRunner - > Execution complete -- Goodbye
